c:\users\psyjc3\downloads\psyjc3_cpp_cw\debug\courseworkbase.bsc
c:\users\psyjc3\downloads\psyjc3_cpp_cw\debug\vc120.pdb
c:\users\psyjc3\downloads\psyjc3_cpp_cw\debug\vc120.idb
c:\users\psyjc3\downloads\psyjc3_cpp_cw\debug\bloodobject.sbr
c:\users\psyjc3\downloads\psyjc3_cpp_cw\debug\damagemushroom.sbr
c:\users\psyjc3\downloads\psyjc3_cpp_cw\debug\demoamain.sbr
c:\users\psyjc3\downloads\psyjc3_cpp_cw\debug\demobobject.sbr
c:\users\psyjc3\downloads\psyjc3_cpp_cw\debug\flyingtile.sbr
c:\users\psyjc3\downloads\psyjc3_cpp_cw\debug\mainfunction.sbr
c:\users\psyjc3\downloads\psyjc3_cpp_cw\debug\baseengine.sbr
c:\users\psyjc3\downloads\psyjc3_cpp_cw\debug\displayableobject.sbr
c:\users\psyjc3\downloads\psyjc3_cpp_cw\debug\fontmanager.sbr
c:\users\psyjc3\downloads\psyjc3_cpp_cw\debug\jpgimage.sbr
c:\users\psyjc3\downloads\psyjc3_cpp_cw\debug\mario_bulletobject.sbr
c:\users\psyjc3\downloads\psyjc3_cpp_cw\debug\psyjc3engine.sbr
c:\users\psyjc3\downloads\psyjc3_cpp_cw\debug\psyjc3tilemanager.sbr
c:\users\psyjc3\downloads\psyjc3_cpp_cw\debug\psyjc3_1object.sbr
c:\users\psyjc3\downloads\psyjc3_cpp_cw\debug\mario_object.sbr
c:\users\psyjc3\downloads\psyjc3_cpp_cw\debug\selectmashroom.sbr
c:\users\psyjc3\downloads\psyjc3_cpp_cw\debug\simpledemo.sbr
c:\users\psyjc3\downloads\psyjc3_cpp_cw\debug\tilemanager.sbr
c:\users\psyjc3\downloads\psyjc3_cpp_cw\debug\bouncingball.sbr
c:\users\psyjc3\downloads\psyjc3_cpp_cw\debug\bouncingballmain.sbr
c:\users\psyjc3\downloads\psyjc3_cpp_cw\debug\bouncingballmain.obj
c:\users\psyjc3\downloads\psyjc3_cpp_cw\debug\bouncingball.obj
c:\users\psyjc3\downloads\psyjc3_cpp_cw\debug\tilemanager.obj
c:\users\psyjc3\downloads\psyjc3_cpp_cw\debug\simpledemo.obj
c:\users\psyjc3\downloads\psyjc3_cpp_cw\debug\selectmashroom.obj
c:\users\psyjc3\downloads\psyjc3_cpp_cw\debug\mario_object.obj
c:\users\psyjc3\downloads\psyjc3_cpp_cw\debug\psyjc3_1object.obj
c:\users\psyjc3\downloads\psyjc3_cpp_cw\debug\psyjc3tilemanager.obj
c:\users\psyjc3\downloads\psyjc3_cpp_cw\debug\psyjc3engine.obj
c:\users\psyjc3\downloads\psyjc3_cpp_cw\debug\mario_bulletobject.obj
c:\users\psyjc3\downloads\psyjc3_cpp_cw\debug\jpgimage.obj
c:\users\psyjc3\downloads\psyjc3_cpp_cw\debug\fontmanager.obj
c:\users\psyjc3\downloads\psyjc3_cpp_cw\debug\displayableobject.obj
c:\users\psyjc3\downloads\psyjc3_cpp_cw\debug\baseengine.obj
c:\users\psyjc3\downloads\psyjc3_cpp_cw\debug\mainfunction.obj
c:\users\psyjc3\downloads\psyjc3_cpp_cw\debug\flyingtile.obj
c:\users\psyjc3\downloads\psyjc3_cpp_cw\debug\demobobject.obj
c:\users\psyjc3\downloads\psyjc3_cpp_cw\debug\demoamain.obj
c:\users\psyjc3\downloads\psyjc3_cpp_cw\debug\damagemushroom.obj
c:\users\psyjc3\downloads\psyjc3_cpp_cw\debug\bloodobject.obj
c:\users\psyjc3\downloads\psyjc3_cpp_cw\debug\demo1main.sbr
c:\users\psyjc3\downloads\psyjc3_cpp_cw\debug\demo2main.sbr
c:\users\psyjc3\downloads\psyjc3_cpp_cw\debug\demo2object.sbr
c:\users\psyjc3\downloads\psyjc3_cpp_cw\debug\demo2tilemanager.sbr
c:\users\psyjc3\downloads\psyjc3_cpp_cw\debug\demo3main.sbr
c:\users\psyjc3\downloads\psyjc3_cpp_cw\debug\demo3object.sbr
c:\users\psyjc3\downloads\psyjc3_cpp_cw\debug\demo3objectfinished.sbr
c:\users\psyjc3\downloads\psyjc3_cpp_cw\debug\demo3tilemanager.sbr
c:\users\psyjc3\downloads\psyjc3_cpp_cw\debug\demo4main.sbr
c:\users\psyjc3\downloads\psyjc3_cpp_cw\debug\demo4object.sbr
c:\users\psyjc3\downloads\psyjc3_cpp_cw\debug\demo4tilemanager.sbr
c:\users\psyjc3\downloads\psyjc3_cpp_cw\debug\tortoise_object.sbr
c:\users\psyjc3\downloads\psyjc3_cpp_cw\debug\welcomemario.sbr
c:\users\psyjc3\downloads\psyjc3_cpp_cw\debug\welcomemario.obj
c:\users\psyjc3\downloads\psyjc3_cpp_cw\debug\tortoise_object.obj
c:\users\psyjc3\downloads\psyjc3_cpp_cw\debug\demo4tilemanager.obj
c:\users\psyjc3\downloads\psyjc3_cpp_cw\debug\demo4object.obj
c:\users\psyjc3\downloads\psyjc3_cpp_cw\debug\demo4main.obj
c:\users\psyjc3\downloads\psyjc3_cpp_cw\debug\demo3tilemanager.obj
c:\users\psyjc3\downloads\psyjc3_cpp_cw\debug\demo3objectfinished.obj
c:\users\psyjc3\downloads\psyjc3_cpp_cw\debug\demo3object.obj
c:\users\psyjc3\downloads\psyjc3_cpp_cw\debug\demo3main.obj
c:\users\psyjc3\downloads\psyjc3_cpp_cw\debug\demo2tilemanager.obj
c:\users\psyjc3\downloads\psyjc3_cpp_cw\debug\demo2object.obj
c:\users\psyjc3\downloads\psyjc3_cpp_cw\debug\demo2main.obj
c:\users\psyjc3\downloads\psyjc3_cpp_cw\debug\demo1main.obj
c:\users\psyjc3\downloads\psyjc3_cpp_cw\debug\courseworkbase.ilk
c:\users\psyjc3\downloads\psyjc3_cpp_cw\debug\courseworkbase.exe
c:\users\psyjc3\downloads\psyjc3_cpp_cw\src\map
c:\users\psyjc3\downloads\psyjc3_cpp_cw\debug\courseworkbase.pdb
c:\users\psyjc3\downloads\psyjc3_cpp_cw\/debug\courseworkbase.pdb
c:\users\psyjc3\downloads\psyjc3_cpp_cw\/debug\courseworkbase.exe
c:\users\psyjc3\downloads\psyjc3_cpp_cw\/debug\courseworkbase.bsc
c:\users\psyjc3\downloads\psyjc3_cpp_cw\/debug\courseworkbase.ilk
c:\users\psyjc3\downloads\psyjc3_cpp_cw\debug\courseworkbase.tlog\bscmake.command.1.tlog
c:\users\psyjc3\downloads\psyjc3_cpp_cw\debug\courseworkbase.tlog\bscmake.read.1.tlog
c:\users\psyjc3\downloads\psyjc3_cpp_cw\debug\courseworkbase.tlog\bscmake.write.1.tlog
c:\users\psyjc3\downloads\psyjc3_cpp_cw\debug\courseworkbase.tlog\cl.command.1.tlog
c:\users\psyjc3\downloads\psyjc3_cpp_cw\debug\courseworkbase.tlog\cl.read.1.tlog
c:\users\psyjc3\downloads\psyjc3_cpp_cw\debug\courseworkbase.tlog\cl.write.1.tlog
c:\users\psyjc3\downloads\psyjc3_cpp_cw\debug\courseworkbase.tlog\link.command.1.tlog
c:\users\psyjc3\downloads\psyjc3_cpp_cw\debug\courseworkbase.tlog\link.read.1.tlog
c:\users\psyjc3\downloads\psyjc3_cpp_cw\debug\courseworkbase.tlog\link.write.1.tlog
